<?xml version="1.0" encoding="UTF-8"?>
<testng-results total="0" passed="0" failed="0" skipped="0">
  <reporter-output>
  </reporter-output>
  <suite started-at="2018-09-21T03:21:33Z" name="mavenSeleniumFramework" finished-at="2018-09-21T03:21:41Z" duration-ms="7287">
    <groups>
    </groups>
    <test started-at="2018-09-21T03:21:33Z" name="Cucumber Tests" finished-at="2018-09-21T03:21:41Z" duration-ms="7287">
    </test> <!-- Cucumber Tests -->
  </suite> <!-- mavenSeleniumFramework -->
</testng-results>
